[debug] [2025-07-21T17:28:05.356Z] ----------------------------------------------------------------------
[debug] [2025-07-21T17:28:05.359Z] Command:       C:\Program Files\nodejs\node.exe C:\Users\marcelo-pessoa\AppData\Roaming\npm\node_modules\firebase-tools\lib\bin\firebase.js init
[debug] [2025-07-21T17:28:05.359Z] CLI Version:   14.11.0
[debug] [2025-07-21T17:28:05.359Z] Platform:      win32
[debug] [2025-07-21T17:28:05.359Z] Node Version:  v22.16.0
[debug] [2025-07-21T17:28:05.360Z] Time:          Mon Jul 21 2025 14:28:05 GMT-0300 (Brasilia Standard Time)
[debug] [2025-07-21T17:28:05.360Z] ----------------------------------------------------------------------
[debug] 
[debug] [2025-07-21T17:28:05.361Z] >>> [apiv2][query] GET https://firebase-public.firebaseio.com/cli.json [none]
[debug] [2025-07-21T17:28:05.393Z] > command requires scopes: ["email","openid","https://www.googleapis.com/auth/cloudplatformprojects.readonly","https://www.googleapis.com/auth/firebase","https://www.googleapis.com/auth/cloud-platform"]
[debug] [2025-07-21T17:28:05.393Z] > authorizing via signed-in user (marcelop.smile@gmail.com)
[info] 
     ######## #### ########  ######## ########     ###     ######  ########
     ##        ##  ##     ## ##       ##     ##  ##   ##  ##       ##
     ######    ##  ########  ######   ########  #########  ######  ######
     ##        ##  ##    ##  ##       ##     ## ##     ##       ## ##
     ##       #### ##     ## ######## ########  ##     ##  ######  ########

You're about to initialize a Firebase project in this directory:

  D:\codes\sofi

[debug] [2025-07-21T17:28:05.759Z] <<< [apiv2][status] GET https://firebase-public.firebaseio.com/cli.json 200
[debug] [2025-07-21T17:28:05.759Z] <<< [apiv2][body] GET https://firebase-public.firebaseio.com/cli.json {"cloudBuildErrorAfter":1594252800000,"cloudBuildWarnAfter":1590019200000,"defaultNode10After":1594252800000,"minVersion":"3.0.5","node8DeploysDisabledAfter":1613390400000,"node8RuntimeDisabledAfter":1615809600000,"node8WarnAfter":1600128000000}
[info] 
=== Project Setup
[info] 
[info] First, let's associate this project directory with a Firebase project.
[info] You can create multiple project aliases by running firebase use --add, 
[info] but for now we'll just set up a default project.
[info] 
[debug] [2025-07-21T17:29:27.236Z] Checked if tokens are valid: false, expires at: 1751597102468
[debug] [2025-07-21T17:29:27.237Z] Checked if tokens are valid: false, expires at: 1751597102468
[debug] [2025-07-21T17:29:27.237Z] > refreshing access token with scopes: []
[debug] [2025-07-21T17:29:27.238Z] >>> [apiv2][query] POST https://www.googleapis.com/oauth2/v3/token [none]
[debug] [2025-07-21T17:29:27.238Z] >>> [apiv2][body] POST https://www.googleapis.com/oauth2/v3/token [omitted]
[debug] [2025-07-21T17:29:27.452Z] <<< [apiv2][status] POST https://www.googleapis.com/oauth2/v3/token 200
[debug] [2025-07-21T17:29:27.452Z] <<< [apiv2][body] POST https://www.googleapis.com/oauth2/v3/token [omitted]
[debug] [2025-07-21T17:29:27.457Z] >>> [apiv2][query] GET https://firebase.googleapis.com/v1beta1/projects pageSize=100
[debug] [2025-07-21T17:29:28.151Z] <<< [apiv2][status] GET https://firebase.googleapis.com/v1beta1/projects 200
[debug] [2025-07-21T17:29:28.151Z] <<< [apiv2][body] GET https://firebase.googleapis.com/v1beta1/projects [omitted]
[info] i  Using project warpedsofi (WarpedSofi) 
[info] 
=== Hosting Setup
[debug] [2025-07-21T17:29:30.174Z] Checked if tokens are valid: true, expires at: 1753122566452
[debug] [2025-07-21T17:29:30.174Z] Checked if tokens are valid: true, expires at: 1753122566452
[debug] [2025-07-21T17:29:30.175Z] >>> [apiv2][query] GET https://firebase.googleapis.com/v1beta1/projects/warpedsofi [none]
[debug] [2025-07-21T17:29:30.496Z] <<< [apiv2][status] GET https://firebase.googleapis.com/v1beta1/projects/warpedsofi 200
[debug] [2025-07-21T17:29:30.496Z] <<< [apiv2][body] GET https://firebase.googleapis.com/v1beta1/projects/warpedsofi {"projectId":"warpedsofi","projectNumber":"459231357069","displayName":"WarpedSofi","name":"projects/warpedsofi","resources":{"hostingSite":"warpedsofi"},"state":"ACTIVE","etag":"1_71c9a5ef-2817-4793-b6a0-d94c3ce8dc3e"}
[info] 
[info] Your public directory is the folder (relative to your project directory) that
[info] will contain Hosting assets to be uploaded with firebase deploy. If you
[info] have a build process for your assets, use your build's output directory.
[info] 
[debug] [2025-07-21T17:29:40.521Z] >>> [apiv2][query] GET https://www.gstatic.com/firebasejs/releases.json [none]
[debug] [2025-07-21T17:29:40.651Z] <<< [apiv2][status] GET https://www.gstatic.com/firebasejs/releases.json 200
[debug] [2025-07-21T17:29:40.651Z] <<< [apiv2][body] GET https://www.gstatic.com/firebasejs/releases.json {"current":{"version":"12.0.0","browserURL":"https://www.gstatic.com/firebasejs/12.0.0/firebase.js","packageURL":"https://www.gstatic.com/firebasejs/12.0.0/firebase.tgz"},"live":{"version":"12.0","browserURL":"https://www.gstatic.com/firebasejs/live/12.0/firebase.js","packageURL":"https://www.gstatic.com/firebasejs/live/12.0/firebase.tgz"},"components":{"ai":"https://www.gstatic.com/firebasejs/12.0.0/firebase-ai.js","analytics":"https://www.gstatic.com/firebasejs/12.0.0/firebase-analytics.js","app":"https://www.gstatic.com/firebasejs/12.0.0/firebase-app.js","app-check":"https://www.gstatic.com/firebasejs/12.0.0/firebase-app-check.js","auth":"https://www.gstatic.com/firebasejs/12.0.0/firebase-auth.js","auth/cordova":"https://www.gstatic.com/firebasejs/12.0.0/firebase-auth/cordova.js","auth/web-extension":"https://www.gstatic.com/firebasejs/12.0.0/firebase-auth/web-extension.js","functions":"https://www.gstatic.com/firebasejs/12.0.0/firebase-functions.js","firestore":"https://www.gstatic.com/firebasejs/12.0.0/firebase-firestore.js","firestore/lite":"https://www.gstatic.com/firebasejs/12.0.0/firebase-firestore/lite.js","installations":"https://www.gstatic.com/firebasejs/12.0.0/firebase-installations.js","storage":"https://www.gstatic.com/firebasejs/12.0.0/firebase-storage.js","performance":"https://www.gstatic.com/firebasejs/12.0.0/firebase-performance.js","remote-config":"https://www.gstatic.com/firebasejs/12.0.0/firebase-remote-config.js","messaging":"https://www.gstatic.com/firebasejs/12.0.0/firebase-messaging.js","messaging/sw":"https://www.gstatic.com/firebasejs/12.0.0/firebase-messaging/sw.js","database":"https://www.gstatic.com/firebasejs/12.0.0/firebase-database.js","data-connect":"https://www.gstatic.com/firebasejs/12.0.0/firebase-data-connect.js","firestore.memory":"https://www.gstatic.com/firebasejs/12.0.0/firebase-firestore.memory.js"}}
[info] i  Skipping write of public/index.html 
[info] 
[info] i  Didn't detect a .git folder. Assuming D:\codes\sofi is the project root. 
[info] i  Authorizing with GitHub to upload your service account to a GitHub repository's secrets store. 
[info] 
[info] Visit this URL on this device to log in:
[info] https://github.com/login/oauth/authorize?client_id=89cf50f02ac6aaed3484&state=1008163761&redirect_uri=http%3A%2F%2Flocalhost%3A9005&scope=read%3Auser%20repo%20public_repo
[info] 
[info] Waiting for authentication...
[debug] [2025-07-21T17:29:45.778Z] >>> [apiv2][query] POST https://github.com/login/oauth/access_token [none]
[debug] [2025-07-21T17:29:45.778Z] >>> [apiv2][body] POST https://github.com/login/oauth/access_token [stream]
[debug] [2025-07-21T17:29:46.091Z] <<< [apiv2][status] POST https://github.com/login/oauth/access_token 200
[debug] [2025-07-21T17:29:46.091Z] <<< [apiv2][body] POST https://github.com/login/oauth/access_token {"access_token":"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","token_type":"bearer","scope":"read:user,repo"}
[debug] [2025-07-21T17:29:46.094Z] >>> [apiv2][query] GET https://api.github.com/user [none]
[debug] [2025-07-21T17:29:46.415Z] <<< [apiv2][status] GET https://api.github.com/user 200
[debug] [2025-07-21T17:29:46.415Z] <<< [apiv2][body] GET https://api.github.com/user {"login":"xXinous","id":136856264,"node_id":"U_kgDOCChCyA","avatar_url":"https://avatars.githubusercontent.com/u/136856264?v=4","gravatar_id":"","url":"https://api.github.com/users/xXinous","html_url":"https://github.com/xXinous","followers_url":"https://api.github.com/users/xXinous/followers","following_url":"https://api.github.com/users/xXinous/following{/other_user}","gists_url":"https://api.github.com/users/xXinous/gists{/gist_id}","starred_url":"https://api.github.com/users/xXinous/starred{/owner}{/repo}","subscriptions_url":"https://api.github.com/users/xXinous/subscriptions","organizations_url":"https://api.github.com/users/xXinous/orgs","repos_url":"https://api.github.com/users/xXinous/repos","events_url":"https://api.github.com/users/xXinous/events{/privacy}","received_events_url":"https://api.github.com/users/xXinous/received_events","type":"User","user_view_type":"private","site_admin":false,"name":"Marcelo \"Xinous\" Pessoa","company":null,"blog":"","location":null,"email":null,"hireable":null,"bio":null,"twitter_username":null,"notification_email":null,"public_repos":5,"public_gists":0,"followers":0,"following":0,"created_at":"2023-06-16T20:42:09Z","updated_at":"2025-07-03T21:03:22Z","private_gists":0,"total_private_repos":2,"owned_private_repos":2,"disk_usage":12906,"collaborators":0,"two_factor_authentication":false,"plan":{"name":"free","space":976562499,"collaborators":0,"private_repos":10000}}
[info] 
[info] +  Success! Logged into GitHub as xXinous 
[info] 
[debug] [2025-07-21T17:29:50.485Z] >>> [apiv2][query] GET https://api.github.com/repos//actions/secrets/public-key type=owner
[debug] [2025-07-21T17:29:50.679Z] <<< [apiv2][status] GET https://api.github.com/repos//actions/secrets/public-key 404
[debug] [2025-07-21T17:29:50.679Z] <<< [apiv2][body] GET https://api.github.com/repos//actions/secrets/public-key {"message":"Not Found","documentation_url":"https://docs.github.com/rest","status":"404"}
[info] 
[info] 
[error] !  The provided authorization cannot be used with this repository. If this repository is in an organization, did you remember to grant access? 
[info] 
[info] i  Action required: Visit this URL to ensure access has been granted to the appropriate organization(s) for the Firebase CLI GitHub OAuth App: 
[info] https://github.com/settings/connections/applications/89cf50f02ac6aaed3484
[info] 
[debug] [2025-07-21T17:30:06.025Z] >>> [apiv2][query] GET https://api.github.com/repos/n/actions/secrets/public-key type=owner
[debug] [2025-07-21T17:30:06.277Z] <<< [apiv2][status] GET https://api.github.com/repos/n/actions/secrets/public-key 404
[debug] [2025-07-21T17:30:06.277Z] <<< [apiv2][body] GET https://api.github.com/repos/n/actions/secrets/public-key {"message":"Not Found","documentation_url":"https://docs.github.com/rest","status":"404"}
[info] 
[info] 
[error] !  The provided authorization cannot be used with this repository. If this repository is in an organization, did you remember to grant access? 
[info] 
[info] i  Action required: Visit this URL to ensure access has been granted to the appropriate organization(s) for the Firebase CLI GitHub OAuth App: 
[info] https://github.com/settings/connections/applications/89cf50f02ac6aaed3484
[info] 
